<?xml version="1.0" encoding="UTF-8"?>
<!-- Generated by org.testng.reporters.JUnitReportReporter -->
<testsuite hostname="DESKTOP-LENK0RJ" failures="0" tests="2" name="testcase.TC_001" time="69.162" errors="0" timestamp="2023-12-16T03:52:59 ACDT" skipped="0">
  <testcase classname="testcase.TC_001" name="Login" time="36.770"/>
  <testcase classname="testcase.TC_001" name="Login" time="32.392"/>
</testsuite> <!-- testcase.TC_001 -->
